{
  "RSpec": {
    "coverage": {
      "/app/app/helpers/application_helper.rb": {
        "lines": [
          null,
          null,
          1,
          null
        ]
      },
      "/app/app/helpers/community_helper.rb": {
        "lines": [
          null,
          null,
          1,
          null
        ]
      },
      "/app/app/helpers/favorites_helper.rb": {
        "lines": [
          null,
          null,
          1,
          null
        ]
      },
      "/app/app/helpers/game_plays_helper.rb": {
        "lines": [
          null,
          null,
          1,
          null
        ]
      },
      "/app/app/helpers/game_rooms_helper.rb": {
        "lines": [
          null,
          null,
          1,
          null
        ]
      },
      "/app/app/helpers/home_helper.rb": {
        "lines": [
          null,
          null,
          1,
          null
        ]
      },
      "/app/app/helpers/oauths_helper.rb": {
        "lines": [
          null,
          null,
          1,
          null
        ]
      },
      "/app/app/helpers/onboarding_helper.rb": {
        "lines": [
          null,
          null,
          1,
          null
        ]
      },
      "/app/app/helpers/password_resets_helper.rb": {
        "lines": [
          null,
          null,
          1,
          null
        ]
      },
      "/app/app/helpers/user_sessions_helper.rb": {
        "lines": [
          null,
          null,
          1,
          null
        ]
      },
      "/app/app/helpers/users_helper.rb": {
        "lines": [
          null,
          null,
          1,
          null
        ]
      },
      "/app/app/models/learning_log.rb": {
        "lines": [
          null,
          null,
          1,
          1,
          null
        ]
      },
      "/app/app/models/application_record.rb": {
        "lines": [
          null,
          null,
          1,
          1,
          null
        ]
      },
      "/app/app/models/participant.rb": {
        "lines": [
          null,
          null,
          1,
          1,
          1,
          1,
          null,
          1,
          1,
          null,
          1,
          null,
          1,
          2,
          null,
          null,
          1,
          2,
          null,
          null,
          1,
          3,
          null,
          null,
          1,
          4,
          4,
          4,
          null,
          null,
          1,
          3,
          3,
          null,
          1,
          null,
          null,
          1,
          6,
          3,
          null,
          null,
          null,
          null,
          null,
          3,
          3,
          3,
          null,
          null,
          null,
          null,
          null,
          null,
          null,
          1,
          null,
          1,
          47,
          2,
          45,
          1,
          null,
          null,
          null,
          1,
          44,
          null,
          7,
          5,
          2,
          1,
          null,
          1,
          null,
          null,
          null
        ]
      },
      "/app/app/models/tag.rb": {
        "lines": [
          null,
          null,
          1,
          1,
          1,
          null,
          1,
          null
        ]
      },
      "/app/app/models/user.rb": {
        "lines": [
          null,
          null,
          1,
          1,
          null,
          1,
          1,
          1,
          1,
          1,
          1,
          1,
          null,
          1,
          null,
          1,
          1,
          null,
          1,
          1,
          1,
          1,
          null,
          null,
          1,
          12,
          null,
          null,
          1,
          4,
          null,
          null,
          1,
          2,
          2,
          2,
          null,
          null,
          1,
          2,
          2,
          null,
          null,
          null,
          null,
          null,
          null,
          1,
          null,
          1,
          684,
          null,
          null
        ]
      },
      "/app/app/mailers/user_mailer.rb": {
        "lines": [
          null,
          null,
          1,
          1,
          null,
          1,
          4,
          4,
          4,
          null,
          null,
          null
        ]
      },
      "/app/app/mailers/application_mailer.rb": {
        "lines": [
          null,
          null,
          1,
          1,
          1,
          null
        ]
      },
      "/app/app/models/authentication.rb": {
        "lines": [
          null,
          null,
          1,
          1,
          null
        ]
      },
      "/app/app/models/word_kit.rb": {
        "lines": [
          null,
          null,
          1,
          1,
          1,
          1,
          1,
          null,
          1,
          1,
          1,
          1,
          1,
          null,
          1,
          null,
          1,
          null,
          1,
          4,
          9,
          null,
          null,
          null,
          1,
          5,
          null,
          null,
          1,
          5,
          5,
          null,
          null,
          null,
          null,
          null,
          5,
          5,
          null,
          null,
          null,
          null,
          5,
          null,
          null,
          1,
          10,
          null,
          11,
          null,
          3,
          null,
          null,
          1,
          6,
          6,
          null,
          6,
          null,
          null
        ]
      },
      "/app/app/models/game_room.rb": {
        "lines": [
          null,
          null,
          1,
          1,
          1,
          1,
          1,
          null,
          1,
          null,
          1,
          1,
          null,
          1,
          null,
          1,
          7,
          null,
          0,
          null,
          null,
          1,
          2,
          null,
          null,
          1,
          1,
          null,
          null,
          1,
          1,
          null,
          null,
          1,
          2,
          null,
          2,
          null,
          2,
          0,
          null,
          null,
          null,
          1,
          0,
          0,
          null,
          0,
          0,
          null,
          0,
          null,
          null,
          1,
          7,
          null,
          null,
          null,
          null,
          null,
          null,
          null,
          null,
          1,
          2,
          null,
          null,
          null,
          null,
          null,
          null,
          null,
          null,
          null,
          1,
          2,
          2,
          null,
          2,
          null,
          null,
          1,
          4,
          null,
          null,
          1,
          2,
          null,
          null,
          null,
          null,
          null,
          null,
          null,
          null,
          null,
          1,
          2,
          null,
          2,
          null,
          2,
          2,
          null,
          null,
          1,
          2,
          2,
          null,
          null,
          1,
          null,
          1,
          2,
          null,
          null,
          1,
          0,
          null,
          0,
          0,
          0,
          null,
          null,
          1,
          2,
          null,
          null,
          null,
          null,
          null
        ]
      },
      "/app/app/models/guest.rb": {
        "lines": [
          null,
          null,
          1,
          1,
          null,
          1,
          1,
          null,
          1,
          null,
          1,
          null,
          1,
          9,
          null,
          null
        ]
      },
      "/app/app/models/word_card.rb": {
        "lines": [
          null,
          null,
          1,
          1,
          null,
          1,
          1,
          null,
          1,
          null,
          0,
          null,
          null,
          null,
          null,
          1,
          1,
          null,
          null
        ]
      },
      "/app/app/models/word_kit_tag.rb": {
        "lines": [
          null,
          null,
          1,
          1,
          1,
          null
        ]
      },
      "/app/app/models/favorite.rb": {
        "lines": [
          null,
          null,
          1,
          1,
          1,
          null,
          1,
          null
        ]
      },
      "/app/app/controllers/community_controller.rb": {
        "lines": [
          null,
          null,
          1,
          1,
          4,
          null,
          4,
          1,
          null,
          1,
          1,
          null,
          null,
          null,
          null,
          null,
          null,
          4,
          null,
          null,
          1,
          1,
          null,
          null
        ]
      },
      "/app/app/controllers/application_controller.rb": {
        "lines": [
          null,
          null,
          1,
          1,
          1,
          null,
          1,
          null,
          1,
          7,
          null,
          7,
          7,
          7,
          null,
          1,
          null,
          null,
          1,
          2,
          null,
          null,
          1,
          null,
          1,
          8,
          null,
          null
        ]
      },
      "/app/app/controllers/user_sessions_controller.rb": {
        "lines": [
          null,
          null,
          1,
          1,
          null,
          1,
          113,
          113,
          112,
          0,
          null,
          112,
          null,
          null,
          1,
          1,
          null,
          null,
          null,
          1,
          7,
          7,
          null,
          null
        ]
      },
      "/app/app/controllers/favorites_controller.rb": {
        "lines": [
          null,
          null,
          1,
          1,
          null,
          1,
          3,
          null,
          null,
          null,
          null,
          3,
          null,
          1,
          2,
          null,
          null,
          null,
          1,
          4,
          4,
          null,
          4,
          4,
          8,
          null,
          null,
          null,
          1,
          3,
          null,
          3,
          null,
          3,
          3,
          6,
          null,
          null,
          null,
          1,
          null,
          1,
          7,
          null,
          null
        ]
      },
      "/app/app/controllers/game_plays_controller.rb": {
        "lines": [
          null,
          null,
          1,
          1,
          1,
          1,
          null,
          1,
          1,
          1,
          1,
          null,
          null,
          1,
          null,
          1,
          1,
          1,
          null,
          null,
          1,
          2,
          1,
          1,
          1,
          1,
          null,
          1,
          null,
          null,
          null,
          1,
          1,
          0,
          0,
          null,
          null,
          1,
          1,
          1,
          null,
          null,
          1,
          1,
          null,
          1,
          1,
          null,
          0,
          null,
          null,
          null,
          1,
          3,
          null,
          2,
          2,
          null,
          2,
          null,
          null,
          null,
          null,
          null,
          null,
          2,
          null,
          null,
          null,
          null,
          null,
          null,
          1,
          null,
          1,
          13,
          null,
          1,
          null,
          null,
          1,
          8,
          8,
          null,
          2,
          1,
          1,
          null,
          null,
          1,
          null,
          null,
          1,
          8,
          8,
          null,
          7,
          7,
          null,
          null,
          1,
          4,
          null,
          1,
          2,
          1,
          null,
          null,
          null
        ]
      },
      "/app/app/controllers/game_rooms_controller.rb": {
        "lines": [
          null,
          null,
          1,
          1,
          null,
          1,
          7,
          null,
          7,
          4,
          4,
          null,
          3,
          null,
          null,
          null,
          1,
          3,
          3,
          null,
          3,
          2,
          2,
          null,
          1,
          null,
          null,
          null,
          1,
          2,
          null,
          null,
          1,
          2,
          2,
          2,
          null,
          0,
          null,
          null,
          null,
          1,
          5,
          null,
          5,
          1,
          1,
          null,
          null,
          4,
          2,
          2,
          null,
          2,
          null,
          null,
          null,
          1,
          0,
          0,
          null,
          0,
          null,
          null,
          null,
          1,
          2,
          null,
          null,
          1,
          2,
          2,
          null,
          2,
          null,
          null,
          1,
          null,
          1,
          2,
          null,
          null,
          1,
          3,
          null,
          null
        ]
      },
      "/app/app/controllers/home_controller.rb": {
        "lines": [
          null,
          null,
          1,
          1,
          3,
          1,
          1,
          null,
          1,
          0,
          null,
          2,
          null,
          null,
          null
        ]
      },
      "/app/app/controllers/learning_logs_controller.rb": {
        "lines": [
          null,
          null,
          1,
          1,
          null,
          1,
          2,
          2,
          null,
          null,
          1,
          null,
          1,
          2,
          null,
          null
        ]
      },
      "/app/app/controllers/participants_controller.rb": {
        "lines": [
          null,
          null,
          1,
          1,
          1,
          null,
          null,
          1,
          9,
          9,
          null,
          6,
          null,
          6,
          6,
          null,
          0,
          null,
          null,
          null,
          1,
          0,
          0,
          0,
          0,
          null,
          null,
          1,
          null,
          1,
          6,
          6,
          null,
          null,
          1,
          6,
          null,
          null,
          null,
          null,
          null,
          null,
          null,
          null,
          null,
          1,
          9,
          9,
          null,
          3,
          3,
          3,
          3,
          null,
          null,
          null,
          1,
          0,
          0,
          null,
          null
        ]
      },
      "/app/app/controllers/password_resets_controller.rb": {
        "lines": [
          null,
          null,
          1,
          1,
          null,
          1,
          6,
          6,
          4,
          4,
          4,
          null,
          null,
          6,
          null,
          null,
          1,
          2,
          2,
          2,
          null,
          null,
          1,
          4,
          4,
          4,
          null,
          3,
          null,
          3,
          2,
          null,
          1,
          null,
          null,
          null,
          1,
          null,
          1,
          6,
          null,
          null,
          1,
          1,
          1,
          null,
          null
        ]
      },
      "/app/app/controllers/self_studies_controller.rb": {
        "lines": [
          null,
          null,
          1,
          1,
          null,
          1,
          null,
          1,
          1,
          1,
          1,
          null,
          null,
          1,
          4,
          4,
          null,
          4,
          null,
          4,
          4,
          null,
          null,
          1,
          3,
          3,
          null,
          3,
          null,
          0,
          null,
          null,
          1,
          2,
          2,
          2,
          2,
          null,
          null,
          1,
          null,
          1,
          12,
          null,
          1,
          null,
          null,
          1,
          1,
          1,
          null,
          null,
          1,
          1,
          2,
          null,
          null,
          null,
          1,
          4,
          null,
          2,
          null,
          null,
          1,
          3,
          3,
          3,
          null,
          null,
          null,
          null,
          1,
          2,
          2,
          null,
          null,
          1,
          3,
          null,
          null
        ]
      },
      "/app/app/controllers/users_controller.rb": {
        "lines": [
          null,
          null,
          1,
          1,
          3,
          null,
          null,
          1,
          7,
          null,
          7,
          4,
          null,
          3,
          null,
          null,
          null,
          1,
          0,
          null,
          0,
          0,
          0,
          null,
          null,
          1,
          1,
          null,
          null,
          1,
          5,
          null,
          5,
          5,
          5,
          null,
          null,
          5,
          4,
          null,
          1,
          null,
          null,
          null,
          1,
          null,
          1,
          12,
          null,
          null
        ]
      },
      "/app/app/controllers/word_cards_controller.rb": {
        "lines": [
          null,
          null,
          1,
          1,
          1,
          null,
          1,
          0,
          null,
          null,
          1,
          1,
          1,
          null,
          null,
          1,
          4,
          4,
          null,
          4,
          2,
          null,
          2,
          null,
          null,
          null,
          1,
          2,
          2,
          2,
          2,
          null,
          null,
          1,
          null,
          1,
          7,
          null,
          null,
          1,
          4,
          null,
          null
        ]
      },
      "/app/app/controllers/word_kits_controller.rb": {
        "lines": [
          null,
          null,
          1,
          1,
          1,
          null,
          1,
          3,
          null,
          3,
          1,
          null,
          1,
          1,
          null,
          null,
          null,
          null,
          null,
          null,
          3,
          null,
          null,
          1,
          1,
          1,
          null,
          null,
          1,
          5,
          null,
          5,
          3,
          null,
          2,
          null,
          null,
          null,
          1,
          3,
          null,
          3,
          3,
          null,
          0,
          null,
          null,
          null,
          1,
          1,
          1,
          null,
          null,
          1,
          0,
          0,
          0,
          0,
          0,
          0,
          null,
          null,
          1,
          1,
          null,
          null,
          1,
          6,
          6,
          null,
          6,
          null,
          4,
          4,
          null,
          0,
          null,
          null,
          null,
          1,
          4,
          4,
          null,
          4,
          4,
          null,
          0,
          null,
          null,
          null,
          1,
          null,
          1,
          13,
          null,
          null,
          1,
          11,
          null,
          null,
          null,
          null,
          null,
          null,
          null
        ]
      },
      "/app/app/controllers/onboardings_controller.rb": {
        "lines": [
          null,
          null,
          1,
          1,
          1,
          null,
          1,
          null,
          1,
          0,
          0,
          null,
          null,
          1,
          null,
          1,
          2,
          null,
          0,
          null,
          null
        ]
      },
      "/app/app/channels/application_cable/channel.rb": {
        "lines": [
          null,
          null,
          0,
          0,
          0,
          0,
          0,
          0,
          0
        ],
        "branches": {}
      },
      "/app/app/channels/application_cable/connection.rb": {
        "lines": [
          null,
          null,
          0,
          0,
          0,
          null,
          0,
          0,
          0,
          null,
          0,
          null,
          0,
          0,
          0,
          0,
          0,
          null,
          0,
          0,
          0,
          null,
          0,
          0,
          0,
          0,
          0,
          0,
          0,
          0,
          null,
          0,
          0,
          0,
          0
        ],
        "branches": {}
      },
      "/app/app/channels/game_channel.rb": {
        "lines": [
          null,
          null,
          0,
          0,
          0,
          0,
          0,
          0,
          null,
          0,
          0,
          0,
          0
        ],
        "branches": {}
      },
      "/app/app/controllers/oauths_controller.rb": {
        "lines": [
          null,
          null,
          0,
          0,
          null,
          0,
          0,
          0,
          null,
          0,
          0,
          null,
          0,
          0,
          0,
          0,
          null,
          0,
          0,
          0,
          0,
          0,
          0,
          0,
          0,
          0
        ],
        "branches": {}
      },
      "/app/app/jobs/application_job.rb": {
        "lines": [
          null,
          null,
          0,
          null,
          null,
          null,
          null,
          null,
          0
        ],
        "branches": {}
      },
      "/app/app/jobs/game_broadcast_job.rb": {
        "lines": [
          null,
          null,
          0,
          0,
          null,
          0,
          0,
          0,
          0,
          0,
          0,
          null,
          0,
          0,
          0,
          0,
          0,
          0,
          0,
          0
        ],
        "branches": {}
      }
    },
    "timestamp": 1773824249
  }
}
